<?xml version="1.0" encoding="UTF-8"?>
<!-- Generated by org.testng.reporters.JUnitReportReporter -->
<testsuite hostname="SamirRegmi" failures="0" tests="2" name="com.Bolt.HomePage.UIElementsFunctionalityTest" time="15.341" errors="0" timestamp="2022-08-14T07:41:34 PDT" skipped="0">
  <testcase classname="com.Bolt.HomePage.UIElementsFunctionalityTest" name="verifyRequestademoTabIsFunctional" time="8.355"/>
  <system-out/>
  <testcase classname="com.Bolt.HomePage.UIElementsFunctionalityTest" name="verifyContact_usTabIsClickable" time="6.986"/>
  <system-out/>
</testsuite> <!-- com.Bolt.HomePage.UIElementsFunctionalityTest -->
