<?xml version="1.0" encoding="UTF-8"?>
<!-- Generated by org.testng.reporters.JUnitReportReporter -->
<testsuite hostname="SamirRegmi" failures="0" tests="2" name="com.Bolt.HomePageTest.UIElementsTest" time="0.019" errors="0" timestamp="2022-08-09T22:07:24 PDT" skipped="0">
  <testcase classname="com.Bolt.HomePageTest.UIElementsTest" name="verifyProductdDropdownIsFunctional" time="0.009"/>
  <system-out/>
  <testcase classname="com.Bolt.HomePageTest.UIElementsTest" name="verifyBoltLogoIsDisplayed" time="0.010"/>
  <system-out/>
</testsuite> <!-- com.Bolt.HomePageTest.UIElementsTest -->
